time, dskOnReal, dskOnFake, epoch
1590657580.5947, 0.489, 0.4917, 0
1590657580.6415, 0.47, 0.4896, 0
1590657580.6824, 0.451, 0.4865, 0
1590657580.7233, 0.427, 0.4821, 0
1590657580.7562, 0.405, 0.476, 0
1590657580.7881, 0.376, 0.467, 0
1590657580.8161, 0.353, 0.4539, 0
1590657580.844, 0.305, 0.4396, 0
1590657580.872, 0.273, 0.4198, 0
1590657580.8992, 0.256, 0.4007, 0
1590657580.9261, 0.233, 0.3942, 0
1590657580.9521, 0.23, 0.386, 0
1590657580.9792, 0.223, 0.3862, 0
1590657581.0052, 0.236, 0.3913, 0
1590657581.0291, 0.245, 0.4064, 0
1590657581.057, 0.265, 0.427, 0
1590657581.0824, 0.292, 0.4578, 0
1590657581.1063, 0.317, 0.4929, 0
1590657581.1312, 0.353, 0.534, 0
1590657581.1572, 0.385, 0.5746, 0
1590657581.1803, 0.42, 0.6067, 0
1590657581.2172, 0.452, 0.647, 0
1590657581.2482, 0.473, 0.6772, 0
1590657581.2753, 0.491, 0.7092, 0
1590657581.2992, 0.514, 0.7243, 0
1590657581.3281, 0.524, 0.7293, 0
1590657581.3551, 0.542, 0.7315, 0
1590657581.3793, 0.527, 0.7236, 0
1590657581.4102, 0.545, 0.7307, 0
1590657581.4371, 0.552, 0.7519, 0
1590657581.4631, 0.584, 0.7604, 0
1590657581.4901, 0.609, 0.7827, 0
1590657581.515, 0.629, 0.7972, 0
1590657581.54, 0.621, 0.8059, 0
1590657581.5669, 0.626, 0.8193, 0
1590657581.5943, 0.636, 0.8104, 0
1590657581.6213, 0.61, 0.8039, 0
1590657581.6472, 0.583, 0.7912, 0
1590657581.6752, 0.534, 0.7832, 0
1590657581.6982, 0.493, 0.7819, 0
1590657581.7241, 0.442, 0.7616, 0
1590657581.7491, 0.393, 0.7492, 0
1590657581.7762, 0.32, 0.7253, 0
1590657581.8091, 0.269, 0.7004, 0
1590657581.8381, 0.215, 0.6724, 0
1590657581.869, 0.195, 0.6375, 0
1590657581.8952, 0.166, 0.5969, 0
1590657581.9262, 0.129, 0.5803, 0
1590657581.9551, 0.117, 0.5317, 0
1590657581.9833, 0.11, 0.4765, 0
1590657582.0102, 0.088, 0.4434, 0
1590657582.0401, 0.113, 0.422, 0
1590657582.065, 0.118, 0.4264, 0
1590657582.0952, 0.119, 0.4238, 0
1590657582.1202, 0.159, 0.4523, 0
1590657582.1461, 0.178, 0.493, 0
1590657582.1701, 0.199, 0.5422, 0
1590657582.1953, 0.227, 0.595, 0
1590657582.2212, 0.279, 0.6546, 0
1590657582.2461, 0.374, 0.7085, 0
1590657582.2711, 0.38, 0.7262, 0
1590657582.2963, 0.427, 0.7243, 0
1590657582.3212, 0.446, 0.7231, 0
1590657582.3501, 0.428, 0.6813, 0
1590657582.3812, 0.397, 0.6532, 0
1590657582.4092, 0.373, 0.5792, 0
1590657582.4381, 0.352, 0.5395, 0
1590657582.463, 0.334, 0.5133, 0
1590657582.4925, 0.297, 0.5058, 0
1590657582.5234, 0.329, 0.5601, 0
1590657582.5583, 0.292, 0.6382, 0
1590657582.5922, 0.282, 0.7486, 0
1590657582.6202, 0.271, 0.8563, 0
1590657582.6471, 0.254, 0.934, 0
1590657582.676, 0.213, 0.9617, 0
1590657582.7, 0.22, 0.9734, 0
1590657582.7269, 0.176, 0.9794, 0
1590657582.7518, 0.161, 0.9673, 0
1590657582.7777, 0.145, 0.9491, 0
1590657582.8027, 0.118, 0.8951, 0
1590657582.8266, 0.095, 0.8275, 0
1590657582.8516, 0.102, 0.8064, 0
1590657582.8775, 0.091, 0.8572, 0
1590657582.9014, 0.117, 0.8712, 0
1590657582.9254, 0.122, 0.9223, 0
1590657582.9503, 0.143, 0.9584, 0
1590657582.9762, 0.182, 0.9643, 0
1590657583.0031, 0.19, 0.9633, 0
1590657583.0271, 0.216, 0.9648, 0
1590657583.052, 0.287, 0.9467, 0
1590657583.078, 0.346, 0.9278, 0
1590657583.1009, 0.411, 0.916, 0
1590657583.1268, 0.501, 0.9206, 0
1590657583.1527, 0.591, 0.9267, 0
1590657583.1767, 0.714, 0.9286, 0
1590657583.2006, 0.789, 0.9156, 0
1590657583.2246, 0.822, 0.9047, 0
1590657583.2525, 0.849, 0.888, 0
1590657583.2804, 0.85, 0.8646, 0
1590657583.3053, 0.872, 0.8307, 0
1590657583.3313, 0.876, 0.8119, 0
1590657583.3582, 0.862, 0.8154, 0
1590657583.3817, 0.845, 0.8008, 0
1590657583.4076, 0.801, 0.8376, 0
1590657583.4336, 0.762, 0.8439, 0
1590657583.4575, 0.724, 0.8911, 0
1590657583.482, 0.671, 0.9075, 0
1590657583.5069, 0.603, 0.8988, 0
1590657583.5298, 0.565, 0.8973, 0
1590657583.5548, 0.504, 0.8731, 0
1590657583.5787, 0.454, 0.8591, 0
1590657583.6039, 0.43, 0.8416, 0
1590657583.6298, 0.404, 0.8156, 0
1590657583.6587, 0.369, 0.7707, 0
1590657583.6878, 0.354, 0.7501, 0
1590657583.7158, 0.339, 0.7279, 0
1590657583.7407, 0.334, 0.7112, 0
1590657583.7666, 0.313, 0.7222, 0
1590657583.7929, 0.336, 0.7359, 0
1590657583.8198, 0.321, 0.7416, 0
1590657583.8467, 0.315, 0.7571, 0
1590657583.8727, 0.312, 0.7697, 0
1590657583.8987, 0.303, 0.7843, 0
1590657583.9275, 0.301, 0.7755, 0
1590657583.9565, 0.281, 0.7764, 0
1590657583.9824, 0.255, 0.7531, 0
1590657584.0074, 0.252, 0.7121, 0
1590657584.0323, 0.248, 0.673, 0
1590657584.0563, 0.236, 0.6266, 0
1590657584.0822, 0.222, 0.5666, 0
1590657584.1081, 0.197, 0.5277, 0
1590657584.133, 0.209, 0.5048, 0
1590657584.157, 0.196, 0.5044, 0
1590657584.1858, 0.244, 0.52, 0
1590657584.2107, 0.262, 0.5474, 0
1590657584.2357, 0.295, 0.5636, 0
1590657584.2606, 0.376, 0.5444, 0
1590657584.2881, 0.475, 0.5155, 0
1590657584.315, 0.529, 0.4542, 0
1590657584.3389, 0.584, 0.3699, 0
1590657584.3668, 0.592, 0.3343, 0
1590657584.3938, 0.59, 0.3335, 0
1590657584.4197, 0.53, 0.3666, 0
1590657584.4436, 0.473, 0.3946, 0
1590657584.4675, 0.365, 0.44, 0
1590657584.4925, 0.319, 0.4563, 0
1590657584.5194, 0.282, 0.4543, 0
1590657584.5464, 0.251, 0.4719, 0
1590657584.5723, 0.23, 0.4556, 0
1590657584.5972, 0.23, 0.4591, 0
1590657584.6242, 0.236, 0.459, 0
1590657584.6511, 0.229, 0.4524, 0
1590657584.677, 0.262, 0.4874, 0
1590657584.7, 0.277, 0.5202, 0
1590657584.7249, 0.304, 0.5749, 0
1590657584.7498, 0.341, 0.6028, 0
1590657584.7767, 0.38, 0.6751, 0
1590657584.8046, 0.446, 0.7173, 0
1590657584.8306, 0.509, 0.7694, 0
1590657584.8545, 0.574, 0.7799, 0
1590657584.8824, 0.632, 0.7846, 0
1590657584.9074, 0.682, 0.7759, 0
1590657584.9323, 0.694, 0.7573, 0
1590657584.9573, 0.716, 0.7254, 0
1590657584.9832, 0.72, 0.7126, 0
1590657585.0101, 0.73, 0.7023, 0
1590657585.0371, 0.729, 0.7534, 0
1590657585.064, 0.699, 0.801, 0
1590657585.0889, 0.703, 0.8504, 0
1590657585.1128, 0.656, 0.8799, 0
1590657585.1368, 0.626, 0.8808, 0
1590657585.1647, 0.588, 0.879, 0
1590657585.1926, 0.565, 0.8616, 0
1590657585.2195, 0.535, 0.8214, 0
1590657585.2445, 0.521, 0.7869, 0
1590657585.2724, 0.489, 0.7537, 0
1590657585.2969, 0.478, 0.7051, 0
1590657585.3228, 0.472, 0.6703, 0
1590657585.3487, 0.47, 0.6205, 0
1590657585.3717, 0.47, 0.5886, 0
1590657585.3957, 0.483, 0.5787, 0
1590657585.4206, 0.507, 0.5597, 0
1590657585.4465, 0.513, 0.5577, 0
1590657585.4705, 0.535, 0.5632, 0
1590657585.4954, 0.573, 0.5824, 0
1590657585.5214, 0.551, 0.5948, 0
1590657585.5453, 0.519, 0.5917, 0
1590657585.5722, 0.506, 0.5865, 0
1590657585.5952, 0.482, 0.5829, 0
1590657585.6211, 0.46, 0.5596, 0
1590657585.648, 0.432, 0.5434, 0
1590657585.6729, 0.427, 0.536, 0
1590657585.6993, 0.42, 0.5261, 0
1590657585.7232, 0.402, 0.5171, 0
1590657585.7492, 0.403, 0.5077, 0
1590657585.7751, 0.394, 0.5009, 0
1590657585.8003, 0.394, 0.4897, 0
1590657585.8252, 0.389, 0.4836, 0
1590657585.8482, 0.395, 0.4827, 0
1590657585.8731, 0.388, 0.4752, 0
1590657585.8983, 0.387, 0.4788, 0
1590657585.9232, 0.402, 0.4769, 0
1590657585.9461, 0.388, 0.4762, 0
1590657585.9701, 0.398, 0.4811, 0
1590657586.0005, 0.407, 0.4855, 0
1590657586.0245, 0.413, 0.4912, 0
1590657586.0484, 0.423, 0.4927, 0
1590657586.0763, 0.427, 0.504, 0
1590657586.0998, 0.458, 0.5092, 0
1590657586.1237, 0.449, 0.5173, 0
1590657586.1487, 0.474, 0.5271, 0
1590657586.1746, 0.479, 0.5257, 0
1590657586.1995, 0.492, 0.5431, 0
1590657586.2255, 0.504, 0.5423, 0
1590657586.2514, 0.502, 0.5497, 0
1590657586.2753, 0.523, 0.5496, 0
1590657586.2992, 0.535, 0.557, 0
1590657586.3222, 0.54, 0.5525, 0
1590657586.3482, 0.548, 0.5555, 0
1590657586.376, 0.547, 0.5545, 0
1590657586.404, 0.556, 0.5551, 0
1590657586.4279, 0.566, 0.5516, 0
1590657586.4528, 0.571, 0.5513, 0
1590657586.4798, 0.582, 0.5523, 0
1590657586.5037, 0.574, 0.5544, 0
1590657586.5277, 0.587, 0.5546, 0
1590657586.5536, 0.596, 0.5671, 0
1590657586.5775, 0.61, 0.5653, 0
1590657586.6034, 0.613, 0.5703, 0
1590657586.6284, 0.628, 0.5671, 0
1590657586.6543, 0.628, 0.5673, 0
1590657586.6823, 0.638, 0.5753, 0
1590657586.7052, 0.636, 0.591, 0
1590657586.7311, 0.638, 0.6148, 0
1590657586.76, 0.641, 0.6682, 0
1590657586.784, 0.636, 0.7191, 0
1590657586.8119, 0.635, 0.776, 0
1590657586.8368, 0.63, 0.8183, 0
1590657586.8697, 0.628, 0.8442, 0
1590657586.9037, 0.627, 0.8638, 0
1590657586.9346, 0.615, 0.8536, 0
1590657586.9675, 0.601, 0.8405, 0
1590657586.9974, 0.59, 0.8182, 0
1590657587.0249, 0.58, 0.7747, 0
1590657587.0538, 0.58, 0.7239, 0
1590657587.0797, 0.565, 0.6645, 0
1590657587.1067, 0.593, 0.594, 0
1590657587.1326, 0.582, 0.56, 0
1590657587.1585, 0.591, 0.5092, 0
1590657587.1834, 0.612, 0.472, 0
1590657587.2074, 0.605, 0.4618, 0
1590657587.2323, 0.616, 0.4656, 0
1590657587.2583, 0.567, 0.4781, 0
1590657587.2852, 0.542, 0.4853, 0
1590657587.3092, 0.517, 0.4977, 0
1590657587.3351, 0.486, 0.5061, 0
1590657587.361, 0.472, 0.5129, 0
1590657587.3859, 0.459, 0.5163, 0
1590657587.4103, 0.45, 0.5283, 0
1590657587.4353, 0.442, 0.5257, 0
1590657587.4612, 0.439, 0.5343, 0
1590657587.4891, 0.435, 0.5388, 0
1590657587.5133, 0.43, 0.5367, 0
1590657587.5402, 0.423, 0.541, 0
1590657587.5671, 0.419, 0.5412, 0
1590657587.593, 0.42, 0.5448, 0
1590657587.6213, 0.413, 0.5417, 0
1590657587.6472, 0.41, 0.5408, 0
1590657587.6762, 0.408, 0.5369, 0
1590657587.7053, 0.392, 0.5329, 0
1590657587.7312, 0.404, 0.5355, 0
1590657587.7591, 0.402, 0.5295, 0
1590657587.7851, 0.394, 0.5238, 0
1590657587.8103, 0.388, 0.518, 0
1590657587.8383, 0.389, 0.5157, 0
1590657587.8771, 0.389, 0.5099, 0
1590657587.9202, 0.374, 0.505, 0
1590657587.9472, 0.384, 0.502, 0
1590657587.9791, 0.372, 0.5, 0
1590657588.0083, 0.372, 0.497, 0
1590657588.0323, 0.364, 0.4935, 0
1590657588.0592, 0.368, 0.4927, 0
1590657588.0881, 0.346, 0.4901, 0
1590657588.1133, 0.343, 0.4892, 0
1590657588.1482, 0.342, 0.487, 0
1590657588.1801, 0.333, 0.4848, 0
1590657588.2115, 0.332, 0.4819, 0
1590657588.2435, 0.335, 0.4767, 0
1590657588.2774, 0.315, 0.4717, 0
1590657588.3083, 0.309, 0.4677, 0
1590657588.3342, 0.303, 0.4623, 0
1590657588.3632, 0.292, 0.4523, 0
1590657588.3931, 0.301, 0.4458, 0
1590657588.425, 0.309, 0.4433, 0
1590657588.4549, 0.313, 0.4345, 0
1590657588.4828, 0.303, 0.4238, 0
1590657588.5217, 0.31, 0.4155, 0
1590657588.5556, 0.307, 0.4014, 0
1590657588.6135, 0.341, 0.3816, 0
1590657588.6653, 0.357, 0.3762, 0
1590657588.6963, 0.378, 0.3639, 0
1590657588.7352, 0.398, 0.3611, 0
1590657588.7621, 0.397, 0.3587, 0
1590657588.791, 0.412, 0.3646, 0
1590657588.821, 0.427, 0.3757, 0
1590657588.8518, 0.423, 0.3915, 0
1590657588.8918, 0.413, 0.4163, 0
1590657588.9296, 0.43, 0.4495, 0
1590657588.9615, 0.419, 0.4596, 0
1590657588.9935, 0.42, 0.4692, 0
1590657589.0393, 0.417, 0.482, 0
1590657589.0723, 0.423, 0.4832, 0
1590657589.1062, 0.426, 0.4909, 0
1590657589.1367, 0.419, 0.5, 0
1590657589.1726, 0.417, 0.5097, 0
1590657589.2025, 0.436, 0.5258, 0
1590657589.2389, 0.457, 0.5455, 0
1590657589.2798, 0.484, 0.5693, 0
1590657589.3237, 0.516, 0.5985, 0
1590657589.3546, 0.528, 0.6112, 0
1590657589.3865, 0.556, 0.6177, 0
1590657589.4244, 0.56, 0.6424, 0
1590657589.4623, 0.557, 0.6522, 0
1590657589.4992, 0.558, 0.6537, 0
1590657589.5541, 0.527, 0.6672, 0
1590657589.587, 0.519, 0.6643, 0
1590657589.617, 0.503, 0.6664, 0
1590657589.6568, 0.476, 0.6659, 0
1590657589.6887, 0.465, 0.666, 0
1590657589.7232, 0.457, 0.655, 0
1590657589.7611, 0.453, 0.6546, 0
1590657589.805, 0.448, 0.6485, 0
1590657589.8421, 0.434, 0.6301, 0
1590657589.8731, 0.437, 0.6192, 0
1590657589.899, 0.409, 0.6066, 0
1590657589.9253, 0.412, 0.5853, 0
1590657589.9612, 0.391, 0.5654, 0
1590657589.9911, 0.378, 0.5392, 0
1590657590.0184, 0.356, 0.522, 0
1590657590.0532, 0.338, 0.4983, 0
1590657590.0882, 0.329, 0.4662, 0
1590657590.1146, 0.324, 0.4535, 0
1590657590.1435, 0.313, 0.4334, 0
1590657590.1765, 0.313, 0.4219, 0
1590657590.2134, 0.329, 0.4097, 0
1590657590.2453, 0.343, 0.4088, 0
1590657590.2812, 0.381, 0.4079, 0
1590657590.3181, 0.369, 0.4208, 0
1590657590.352, 0.387, 0.4611, 0
1590657590.3869, 0.411, 0.5169, 0
1590657590.4318, 0.42, 0.5544, 0
1590657590.4776, 0.433, 0.5986, 0
1590657590.5195, 0.418, 0.6072, 0
1590657590.5574, 0.427, 0.6087, 0
1590657590.5874, 0.433, 0.5988, 0
1590657590.6193, 0.439, 0.5783, 0
1590657590.6602, 0.454, 0.5439, 0
1590657590.6951, 0.454, 0.5204, 0
1590657590.73, 0.482, 0.4818, 0
1590657590.7709, 0.506, 0.4552, 0
1590657590.8118, 0.551, 0.4267, 0
1590657590.8407, 0.589, 0.4155, 0
1590657590.8756, 0.608, 0.4495, 0
1590657590.9105, 0.632, 0.5128, 0
1590657590.9474, 0.629, 0.5923, 0
1590657590.9863, 0.601, 0.6737, 0
1590657591.0298, 0.586, 0.7278, 0
1590657591.0627, 0.58, 0.7636, 0
1590657591.1016, 0.556, 0.7953, 0
1590657591.141, 0.531, 0.7831, 0
1590657591.1809, 0.516, 0.776, 0
1590657591.2118, 0.499, 0.7427, 0
1590657591.2458, 0.503, 0.7087, 0
1590657591.2727, 0.496, 0.6608, 0
1590657591.3027, 0.489, 0.6211, 0
1590657591.3405, 0.489, 0.5954, 0
1590657591.3674, 0.484, 0.5622, 0
1590657591.3934, 0.485, 0.533, 0
1590657591.4193, 0.461, 0.5162, 0
1590657591.4443, 0.444, 0.4944, 0
1590657591.4692, 0.434, 0.4837, 0
1590657591.4941, 0.426, 0.4693, 0
1590657591.5233, 0.424, 0.4612, 0
1590657591.5492, 0.406, 0.4437, 0
1590657591.5751, 0.407, 0.432, 0
1590657591.6031, 0.402, 0.434, 0
1590657591.6344, 0.405, 0.4333, 0
1590657591.6613, 0.426, 0.4167, 0
1590657591.6872, 0.418, 0.4142, 0
1590657591.7191, 0.44, 0.4067, 0
1590657591.7452, 0.46, 0.4017, 0
1590657591.7721, 0.463, 0.3988, 0
1590657591.798, 0.484, 0.3984, 0
1590657591.8232, 0.491, 0.402, 0
1590657591.8512, 0.49, 0.4105, 0
1590657591.8831, 0.512, 0.4319, 0
1590657591.91, 0.505, 0.4678, 0
1590657591.9353, 0.51, 0.5043, 0
1590657591.9603, 0.506, 0.5655, 0
1590657591.9861, 0.507, 0.5978, 0
1590657592.0101, 0.511, 0.6336, 0
1590657592.0335, 0.512, 0.6481, 0
1590657592.0575, 0.512, 0.6646, 0
1590657592.0844, 0.517, 0.6553, 0
1590657592.1113, 0.523, 0.6532, 0
1590657592.1382, 0.536, 0.6202, 0
1590657592.1612, 0.559, 0.5858, 0
1590657592.1881, 0.58, 0.554, 0
1590657592.2141, 0.611, 0.5341, 0
1590657592.24, 0.638, 0.525, 0
1590657592.2669, 0.629, 0.5283, 0
1590657592.2909, 0.63, 0.5364, 0
1590657592.3168, 0.61, 0.5626, 0
1590657592.3427, 0.576, 0.598, 0
1590657592.3696, 0.551, 0.6352, 0
1590657592.4036, 0.534, 0.666, 0
1590657592.4295, 0.519, 0.7002, 0
1590657592.4544, 0.513, 0.7236, 0
1590657592.4814, 0.506, 0.7526, 0
1590657592.5112, 0.506, 0.7701, 0
1590657592.5392, 0.507, 0.7642, 0
1590657592.5671, 0.508, 0.7844, 0
1590657592.597, 0.515, 0.784, 0
1590657592.622, 0.525, 0.7684, 0
1590657592.6479, 0.528, 0.7578, 0
1590657592.6738, 0.536, 0.7341, 0
1590657592.6998, 0.545, 0.701, 0
1590657592.7277, 0.553, 0.6589, 0
1590657592.7526, 0.575, 0.6133, 0
1590657592.7796, 0.577, 0.5618, 0
1590657592.8045, 0.577, 0.5219, 0
1590657592.8294, 0.599, 0.4941, 0
1590657592.8544, 0.579, 0.4808, 0
1590657592.8793, 0.55, 0.4766, 0
1590657592.9102, 0.547, 0.476, 0
1590657592.9387, 0.532, 0.4807, 0
1590657592.9696, 0.506, 0.4889, 0
1590657592.9985, 0.491, 0.5055, 0
1590657593.0244, 0.476, 0.5214, 0
1590657593.0509, 0.469, 0.538, 0
1590657593.0789, 0.462, 0.5513, 0
1590657593.1138, 0.46, 0.5632, 0
1590657593.1427, 0.458, 0.5747, 0
1590657593.1696, 0.452, 0.5855, 0
1590657593.2045, 0.452, 0.5845, 0
1590657593.2304, 0.452, 0.5788, 0
1590657593.2584, 0.456, 0.5655, 0
1590657593.2843, 0.459, 0.5407, 0
1590657593.3113, 0.473, 0.5187, 0
1590657593.3382, 0.481, 0.4995, 0
1590657593.3611, 0.492, 0.4818, 0
1590657593.389, 0.502, 0.4723, 0
1590657593.414, 0.518, 0.4709, 0
1590657593.4393, 0.511, 0.4718, 0
1590657593.4663, 0.527, 0.4749, 0
1590657593.4922, 0.515, 0.4842, 0
1590657593.5211, 0.491, 0.4945, 0
1590657593.548, 0.484, 0.5096, 0
1590657593.578, 0.463, 0.5258, 0
1590657593.6069, 0.448, 0.5508, 0
1590657593.6328, 0.442, 0.5669, 0
1590657593.6598, 0.432, 0.5777, 0
1590657593.6867, 0.422, 0.5896, 0
1590657593.7216, 0.418, 0.5986, 0
1590657593.7465, 0.411, 0.6054, 0
1590657593.7714, 0.409, 0.6129, 0
1590657593.7964, 0.407, 0.6108, 0
1590657593.8213, 0.407, 0.6046, 0
1590657593.8492, 0.4, 0.595, 0
1590657593.8732, 0.41, 0.5798, 0
1590657593.9011, 0.408, 0.5633, 0
1590657593.93, 0.418, 0.5489, 0
1590657593.9579, 0.411, 0.5391, 0
1590657593.9859, 0.411, 0.5224, 0
1590657594.0168, 0.429, 0.5081, 0
1590657594.0517, 0.424, 0.4902, 0
1590657594.0766, 0.438, 0.4736, 0
1590657594.1135, 0.457, 0.4622, 0
1590657594.1405, 0.469, 0.4511, 0
1590657594.1674, 0.463, 0.4383, 0
1590657594.1953, 0.459, 0.4391, 0
1590657594.2193, 0.447, 0.4445, 0
1590657594.2462, 0.41, 0.4632, 0
1590657594.2721, 0.422, 0.5024, 0
1590657594.3011, 0.402, 0.5366, 0
1590657594.327, 0.408, 0.5727, 0
1590657594.3539, 0.399, 0.612, 0
1590657594.3798, 0.391, 0.6381, 0
1590657594.4057, 0.409, 0.6605, 0
1590657594.4317, 0.409, 0.6709, 0
1590657594.4586, 0.419, 0.6865, 0
1590657594.4846, 0.436, 0.671, 0
1590657594.5144, 0.465, 0.6577, 0
1590657594.5414, 0.499, 0.6223, 0
1590657594.5678, 0.525, 0.5582, 0
1590657594.5977, 0.551, 0.4714, 0
1590657594.6236, 0.602, 0.4051, 0
1590657594.6575, 0.596, 0.3749, 0
1590657594.6855, 0.597, 0.36, 0
1590657594.7134, 0.567, 0.359, 0
1590657594.7413, 0.555, 0.4009, 0
1590657594.7702, 0.485, 0.4802, 0
1590657594.7962, 0.468, 0.5792, 0
1590657594.8211, 0.399, 0.653, 0
1590657594.8513, 0.391, 0.7183, 0
1590657594.8752, 0.373, 0.752, 0
1590657594.9012, 0.364, 0.791, 0
1590657594.9251, 0.372, 0.8135, 0
1590657594.953, 0.373, 0.8194, 0
1590657594.979, 0.392, 0.8217, 0
1590657595.0049, 0.42, 0.8173, 0
1590657595.0378, 0.447, 0.7906, 0
1590657595.0628, 0.441, 0.748, 0
1590657595.0916, 0.42, 0.6829, 0
1590657595.1206, 0.404, 0.6089, 0
1590657595.1495, 0.386, 0.5149, 0
1590657595.1764, 0.365, 0.4467, 0
1590657595.2024, 0.364, 0.4168, 0
1590657595.2313, 0.331, 0.4053, 0
1590657595.2592, 0.295, 0.4194, 0
1590657595.2881, 0.283, 0.4359, 0
1590657595.3131, 0.262, 0.4467, 0
1590657595.339, 0.257, 0.4582, 0
1590657595.3699, 0.245, 0.4767, 0
1590657595.4018, 0.238, 0.4781, 0
1590657595.4277, 0.224, 0.4869, 0
1590657595.4537, 0.225, 0.4774, 0
1590657595.4806, 0.229, 0.4627, 0
1590657595.5065, 0.236, 0.4533, 0
1590657595.5345, 0.231, 0.4461, 0
1590657595.5634, 0.231, 0.4424, 0
1590657595.5893, 0.232, 0.4216, 0
1590657595.6153, 0.241, 0.4136, 0
1590657595.6412, 0.266, 0.4109, 0
1590657595.6681, 0.273, 0.4045, 0
1590657595.694, 0.289, 0.4046, 0
1590657595.721, 0.317, 0.3982, 0
1590657595.7479, 0.329, 0.4042, 0
1590657595.7728, 0.359, 0.4035, 0
1590657595.7998, 0.379, 0.4097, 0
1590657595.8247, 0.396, 0.417, 0
1590657595.8506, 0.407, 0.4204, 0
1590657595.8805, 0.421, 0.4352, 0
1590657595.9085, 0.417, 0.4491, 0
1590657595.9374, 0.399, 0.4613, 0
1590657595.9723, 0.405, 0.4885, 0
1590657596.0052, 0.395, 0.5126, 0
1590657596.0331, 0.407, 0.5448, 0
1590657596.0601, 0.402, 0.5737, 0
1590657596.088, 0.425, 0.5932, 0
1590657596.1219, 0.433, 0.6118, 0
1590657596.1528, 0.468, 0.6134, 0
1590657596.1817, 0.498, 0.6025, 0
1590657596.2087, 0.54, 0.5753, 0
1590657596.2356, 0.572, 0.5382, 0
1590657596.2675, 0.589, 0.527, 0
1590657596.2964, 0.598, 0.5782, 0
1590657596.3224, 0.613, 0.6299, 0
1590657596.3483, 0.575, 0.6761, 0
1590657596.3723, 0.54, 0.7103, 0
1590657596.3962, 0.495, 0.7215, 0
1590657596.4221, 0.472, 0.7325, 0
1590657596.4461, 0.436, 0.7251, 0
1590657596.4753, 0.419, 0.7091, 0
1590657596.5032, 0.398, 0.6924, 0
1590657596.5291, 0.387, 0.6695, 0
1590657596.5561, 0.397, 0.6455, 0
1590657596.583, 0.417, 0.609, 0
1590657596.6089, 0.447, 0.5418, 0
1590657596.6369, 0.505, 0.457, 0
1590657596.6637, 0.553, 0.4389, 0
1590657596.6897, 0.578, 0.4846, 0
1590657596.7166, 0.574, 0.5964, 0
1590657596.7416, 0.571, 0.6852, 0
1590657596.7665, 0.503, 0.7411, 0
1590657596.7944, 0.462, 0.7587, 0
1590657596.8203, 0.401, 0.7796, 0
1590657596.8453, 0.38, 0.771, 0
1590657596.8722, 0.352, 0.7581, 0
1590657596.9031, 0.34, 0.7419, 0
1590657596.93, 0.331, 0.7253, 0
1590657596.957, 0.343, 0.699, 0
1590657596.9879, 0.336, 0.665, 0
1590657597.0208, 0.366, 0.6284, 0
1590657597.0497, 0.377, 0.5824, 0
1590657597.0737, 0.369, 0.5433, 0
1590657597.1036, 0.368, 0.5085, 0
1590657597.1285, 0.367, 0.4782, 0
1590657597.1545, 0.338, 0.4599, 0
1590657597.1814, 0.34, 0.4454, 0
1590657597.2063, 0.313, 0.4434, 0
1590657597.2332, 0.283, 0.4561, 0
1590657597.2582, 0.269, 0.4729, 0
1590657597.2851, 0.253, 0.4972, 0
1590657597.314, 0.261, 0.5076, 0
1590657597.342, 0.241, 0.5351, 0
1590657597.3689, 0.25, 0.5488, 0
1590657597.3948, 0.243, 0.5593, 0
1590657597.4188, 0.248, 0.5626, 0
1590657597.4467, 0.245, 0.5551, 0
1590657597.5245, 0.243, 0.5527, 1
1590657597.5623, 0.27, 0.5264, 1
1590657597.5963, 0.286, 0.527, 1
1590657597.6381, 0.296, 0.5207, 1
1590657597.676, 0.3, 0.5262, 1
1590657597.703, 0.296, 0.5335, 1
1590657597.7289, 0.328, 0.5443, 1
1590657597.7548, 0.349, 0.5578, 1
1590657597.7793, 0.346, 0.5673, 1
1590657597.8072, 0.384, 0.5747, 1
1590657597.8321, 0.44, 0.5853, 1
1590657597.857, 0.451, 0.5935, 1
1590657597.884, 0.477, 0.6175, 1
1590657597.9089, 0.508, 0.6401, 1
1590657597.9339, 0.555, 0.6735, 1
1590657597.9608, 0.568, 0.7504, 1
1590657597.9847, 0.593, 0.8202, 1
1590657598.0107, 0.58, 0.8639, 1
1590657598.0376, 0.556, 0.8867, 1
1590657598.0615, 0.548, 0.8748, 1
1590657598.0875, 0.508, 0.8534, 1
1590657598.1124, 0.457, 0.8024, 1
1590657598.1383, 0.385, 0.7135, 1
1590657598.1653, 0.34, 0.6307, 1
1590657598.1882, 0.318, 0.601, 1
1590657598.2151, 0.307, 0.6353, 1
1590657598.244, 0.315, 0.6959, 1
1590657598.267, 0.342, 0.717, 1
1590657598.2949, 0.385, 0.7285, 1
1590657598.3238, 0.425, 0.7218, 1
1590657598.3518, 0.474, 0.6779, 1
1590657598.3747, 0.499, 0.6377, 1
1590657598.4006, 0.493, 0.6438, 1
1590657598.4266, 0.448, 0.6708, 1
1590657598.4505, 0.365, 0.6984, 1
1590657598.4774, 0.342, 0.7127, 1
1590657598.5043, 0.269, 0.6892, 1
1590657598.5313, 0.243, 0.675, 1
1590657598.5542, 0.224, 0.66, 1
1590657598.5782, 0.21, 0.6616, 1
1590657598.605, 0.202, 0.6662, 1
1590657598.634, 0.194, 0.6959, 1
1590657598.6589, 0.228, 0.731, 1
1590657598.6828, 0.24, 0.7516, 1
1590657598.7098, 0.251, 0.755, 1
1590657598.7367, 0.25, 0.7367, 1
1590657598.7617, 0.269, 0.6945, 1
1590657598.7876, 0.263, 0.6543, 1
1590657598.8135, 0.256, 0.5998, 1
1590657598.8385, 0.319, 0.5987, 1
1590657598.8624, 0.34, 0.6397, 1
1590657598.8874, 0.404, 0.6596, 1
1590657598.9173, 0.402, 0.6861, 1
1590657598.9433, 0.439, 0.7267, 1
1590657598.9692, 0.455, 0.7779, 1
